<?xml version="1.0" encoding="UTF-8"?>
<testng-results ignored="0" total="1" passed="1" failed="0" skipped="0">
  <reporter-output>
  </reporter-output>
  <suite started-at="2024-04-27T15:25:27 PKT" name="Default suite" finished-at="2024-04-27T15:25:38 PKT" duration-ms="10749">
    <groups>
    </groups>
    <test started-at="2024-04-27T15:25:27 PKT" name="Default test" finished-at="2024-04-27T15:25:38 PKT" duration-ms="10749">
      <class name="ui.LoginTestTest">
        <test-method signature="login()[pri:0, instance:ui.LoginTestTest@2b91004a]" started-at="2024-04-27T15:25:27 PKT" name="login" finished-at="2024-04-27T15:25:38 PKT" duration-ms="10689" status="PASS">
          <reporter-output>
          </reporter-output>
        </test-method> <!-- login -->
      </class> <!-- ui.LoginTestTest -->
    </test> <!-- Default test -->
  </suite> <!-- Default suite -->
</testng-results>
