<?xml version="1.0" encoding="UTF-8"?>
<testng-results ignored="0" total="1" passed="1" failed="0" skipped="0">
  <reporter-output>
  </reporter-output>
  <suite started-at="2024-04-27T16:45:41 PKT" name="Suite" finished-at="2024-04-27T16:45:53 PKT" duration-ms="11330">
    <groups>
    </groups>
    <test started-at="2024-04-27T16:45:41 PKT" name="Test" finished-at="2024-04-27T16:45:53 PKT" duration-ms="11330">
      <class name="ui.LoginTestTest">
        <test-method signature="login()[pri:0, instance:ui.LoginTestTest@2b91004a]" started-at="2024-04-27T16:45:41 PKT" name="login" finished-at="2024-04-27T16:45:53 PKT" duration-ms="11256" status="PASS">
          <reporter-output>
          </reporter-output>
        </test-method> <!-- login -->
      </class> <!-- ui.LoginTestTest -->
    </test> <!-- Test -->
  </suite> <!-- Suite -->
</testng-results>
